     1                                  section .bss 
     2                                  	BUFFLEN equ 1024 
     3 00000000 <res 00000400>          	Buff: resb BUFFLEN 
     4                                  
     5                                  section .data 
     6                                  	
     7                                  section .text 
     8                                  
     9                                  global _start 
    10                                  
    11                                  _start: 
    12 00000000 90                      	nop 
    13                                  
    14                                  Read:
    15 00000001 B803000000              	mov eax, 3 
    16 00000006 BB00000000              	mov ebx, 0
    17 0000000B B9[00000000]            	mov ecx, Buff 
    18 00000010 BA00040000              	mov edx, BUFFLEN 
    19 00000015 CD80                    	int 80h
    20 00000017 89C6                    	mov esi, eax 
    21 00000019 83F800                  	cmp eax, 0
    22 0000001C 7433                    	je Done 
    23                                  	
    24 0000001E 89F1                    	mov ecx, esi 
    25 00000020 BD[00000000]            	mov ebp, Buff 
    26 00000025 4D                      	dec ebp 
    27                                  
    28                                  Scan:
    29 00000026 807C0D0061              	cmp byte [ebp + ecx], 61h; 'a' 
    30 0000002B 720C                    	jb Next
    31                                  
    32 0000002D 807C0D007A              	cmp byte [ebp + ecx], 7ah; 'z'
    33 00000032 7705                    	ja Next 
    34                                  
    35 00000034 806C0D0020              	sub byte [ebp + ecx], 20h; low -> upper
    36                                  
    37                                  Next:
    38 00000039 49                      	dec ecx
    39 0000003A 75EA                    	jnz Scan 
    40                                  
    41                                  Write:
    42 0000003C B804000000              	mov eax, 4
    43 00000041 BB01000000              	mov ebx, 1
    44 00000046 B9[00000000]            	mov ecx, Buff 
    45 0000004B 89F2                    	mov edx, esi 
    46 0000004D CD80                    	int 80h
    47 0000004F EBB0                    	jmp Read 
    48                                  
    49                                  Done: 
    50 00000051 B801000000              	mov eax, 1
    51 00000056 BB00000000              	mov ebx, 0
    52 0000005B CD80                    	int 80h
    53                                  
    54                                  
